<?xml version="1.0" encoding="UTF-8"?>
<!-- Generated by org.testng.reporters.JUnitReportReporter -->
<testsuite hostname="Laptop-Dell7559" name="com.training.multi.browser.testing.MultiTests" tests="3" failures="0" timestamp="2 Sep 2019 04:29:07 GMT" time="69.857" errors="0">
  <testcase name="Test02" time="23.448" classname="com.training.multi.browser.testing.MultiTests"/>
  <testcase name="Test03" time="22.961" classname="com.training.multi.browser.testing.MultiTests"/>
  <testcase name="Test01" time="23.448" classname="com.training.multi.browser.testing.MultiTests"/>
</testsuite> <!-- com.training.multi.browser.testing.MultiTests -->
