<?xml version="1.0" encoding="UTF-8"?>
<!-- Generated by org.testng.reporters.JUnitReportReporter -->
<testsuite hostname="Laptop-Dell7559" name="com.training.multi.browser.testing.MultiTests" tests="1" failures="0" timestamp="2 Sep 2019 08:31:21 GMT" time="34.653" errors="0">
  <testcase name="Test01" time="34.653" classname="com.training.multi.browser.testing.MultiTests"/>
</testsuite> <!-- com.training.multi.browser.testing.MultiTests -->
